[2017-08-03 10:34:53.972] [INFO] pomelo - [32m[/Users/workspace/zhajinhuaccc/zhajinhuaserver/server/game-server/node_modules/pomelo/lib/application.js] [39mapplication inited: "connector-server-1"
[2017-08-03 10:34:54.229] [INFO] pomelo - [32m[/Users/workspace/zhajinhuaccc/zhajinhuaserver/server/game-server/node_modules/pomelo/lib/application.js] [39m"connector-server-1" enter after start...
[2017-08-03 10:34:54.317] [INFO] pomelo - [32m[/Users/workspace/zhajinhuaccc/zhajinhuaserver/server/game-server/node_modules/pomelo/lib/application.js] [39m"connector-server-1" finish start
[2017-08-03 10:34:54.317] [INFO] pomelo - [32m[/Users/workspace/zhajinhuaccc/zhajinhuaserver/server/game-server/node_modules/pomelo/lib/application.js] [39m"connector-server-1" startup in 328 ms
[2017-08-03 10:37:25.288] [INFO] pomelo - [32m[/Users/workspace/zhajinhuaccc/zhajinhuaserver/server/game-server/node_modules/pomelo/lib/application.js] [39mapplication inited: "connector-server-1"
[2017-08-03 10:37:25.540] [INFO] pomelo - [32m[/Users/workspace/zhajinhuaccc/zhajinhuaserver/server/game-server/node_modules/pomelo/lib/application.js] [39m"connector-server-1" enter after start...
[2017-08-03 10:37:25.618] [INFO] pomelo - [32m[/Users/workspace/zhajinhuaccc/zhajinhuaserver/server/game-server/node_modules/pomelo/lib/application.js] [39m"connector-server-1" finish start
[2017-08-03 10:37:25.618] [INFO] pomelo - [32m[/Users/workspace/zhajinhuaccc/zhajinhuaserver/server/game-server/node_modules/pomelo/lib/application.js] [39m"connector-server-1" startup in 317 ms
[2017-08-03 11:58:37.530] [INFO] pomelo - [32m[/Users/workspace/zhajinhuaccc/zhajinhuaserver/server/game-server/node_modules/pomelo/lib/application.js] [39mapplication inited: "connector-server-1"
[2017-08-03 11:58:37.784] [INFO] pomelo - [32m[/Users/workspace/zhajinhuaccc/zhajinhuaserver/server/game-server/node_modules/pomelo/lib/application.js] [39m"connector-server-1" enter after start...
[2017-08-03 11:58:37.869] [INFO] pomelo - [32m[/Users/workspace/zhajinhuaccc/zhajinhuaserver/server/game-server/node_modules/pomelo/lib/application.js] [39m"connector-server-1" finish start
[2017-08-03 11:58:37.869] [INFO] pomelo - [32m[/Users/workspace/zhajinhuaccc/zhajinhuaserver/server/game-server/node_modules/pomelo/lib/application.js] [39m"connector-server-1" startup in 327 ms
[2017-08-03 12:30:58.729] [DEBUG] pomelo - [36m[/Users/workspace/zhajinhuaccc/zhajinhuaserver/server/game-server/node_modules/pomelo/lib/components/connector.js] [39m[connector-server-1] getSession session is created with session id: 1
[2017-08-03 12:30:58.745] [DEBUG] pomelo - [36m[/Users/workspace/zhajinhuaccc/zhajinhuaserver/server/game-server/node_modules/pomelo/lib/components/connector.js] [39m[connector-server-1] handleMessage session id: 1, msg: {"id":2,"route":"connector.entryHandler.entry","body":"hello pomelo"}
[2017-08-03 12:30:58.748] [DEBUG] pomelo - [36m[/Users/workspace/zhajinhuaccc/zhajinhuaserver/server/game-server/node_modules/pomelo/lib/components/connector.js] [39m[connector-server-1] send message reqId: 2, route: connector.entryHandler.entry, msg: {"code":200,"msg":"game server is ok."}, receivers: [1], opts: {"type":"response","userOptions":{},"isResponse":true}
[2017-08-03 12:46:56.522] [DEBUG] pomelo - [36m[/Users/workspace/zhajinhuaccc/zhajinhuaserver/server/game-server/node_modules/pomelo/lib/common/service/sessionService.js] [39msession on [connector-server-1] is closed with session id: 1
[2017-08-03 12:46:58.105] [DEBUG] pomelo - [36m[/Users/workspace/zhajinhuaccc/zhajinhuaserver/server/game-server/node_modules/pomelo/lib/components/connector.js] [39m[connector-server-1] getSession session is created with session id: 2
[2017-08-03 12:46:58.117] [DEBUG] pomelo - [36m[/Users/workspace/zhajinhuaccc/zhajinhuaserver/server/game-server/node_modules/pomelo/lib/components/connector.js] [39m[connector-server-1] handleMessage session id: 2, msg: {"id":2,"route":"connector.entryHandler.entry","body":"hello pomelo"}
[2017-08-03 12:46:58.118] [DEBUG] pomelo - [36m[/Users/workspace/zhajinhuaccc/zhajinhuaserver/server/game-server/node_modules/pomelo/lib/components/connector.js] [39m[connector-server-1] send message reqId: 2, route: connector.entryHandler.entry, msg: {"code":200,"msg":"game server is ok."}, receivers: [2], opts: {"type":"response","userOptions":{},"isResponse":true}
[2017-08-03 12:47:37.664] [DEBUG] pomelo - [36m[/Users/workspace/zhajinhuaccc/zhajinhuaserver/server/game-server/node_modules/pomelo/lib/common/service/sessionService.js] [39msession on [connector-server-1] is closed with session id: 2
[2017-08-03 12:47:39.652] [DEBUG] pomelo - [36m[/Users/workspace/zhajinhuaccc/zhajinhuaserver/server/game-server/node_modules/pomelo/lib/components/connector.js] [39m[connector-server-1] getSession session is created with session id: 3
[2017-08-03 12:47:39.665] [DEBUG] pomelo - [36m[/Users/workspace/zhajinhuaccc/zhajinhuaserver/server/game-server/node_modules/pomelo/lib/components/connector.js] [39m[connector-server-1] handleMessage session id: 3, msg: {"id":2,"route":"connector.entryHandler.start","body":"hello pomelo"}
[2017-08-03 12:47:39.665] [WARN] pomelo - [33m[/Users/workspace/zhajinhuaccc/zhajinhuaserver/server/game-server/node_modules/pomelo/lib/common/service/handlerService.js] [39mcould not find the method start in handler: entryHandler
[2017-08-03 12:47:39.666] [ERROR] pomelo - [31m[/Users/workspace/zhajinhuaccc/zhajinhuaserver/server/game-server/node_modules/pomelo/lib/common/service/handlerService.js] [39m[handleManager]: fail to find handler for undefined
[2017-08-03 12:47:39.667] [DEBUG] pomelo - [36m[/Users/workspace/zhajinhuaccc/zhajinhuaserver/server/game-server/node_modules/pomelo/lib/server/server.js] [39mno default error handler to resolve unknown exception. Error: fail to find handler for undefined
    at Service.handle (/Users/workspace/zhajinhuaccc/zhajinhuaserver/server/game-server/node_modules/pomelo/lib/common/service/handlerService.js:35:30)
    at handle (/Users/workspace/zhajinhuaccc/zhajinhuaserver/server/game-server/node_modules/pomelo/lib/server/server.js:375:25)
    at next (/Users/workspace/zhajinhuaccc/zhajinhuaserver/server/game-server/node_modules/pomelo/lib/common/service/filterService.js:50:7)
    at Service.beforeFilter (/Users/workspace/zhajinhuaccc/zhajinhuaserver/server/game-server/node_modules/pomelo/lib/common/service/filterService.js:65:3)
    at beforeFilter (/Users/workspace/zhajinhuaccc/zhajinhuaserver/server/game-server/node_modules/pomelo/lib/server/server.js:242:8)
    at doHandle (/Users/workspace/zhajinhuaccc/zhajinhuaserver/server/game-server/node_modules/pomelo/lib/server/server.js:388:3)
    at dispatch (/Users/workspace/zhajinhuaccc/zhajinhuaserver/server/game-server/node_modules/pomelo/lib/server/server.js:107:7)
    at next (/Users/workspace/zhajinhuaccc/zhajinhuaserver/server/game-server/node_modules/pomelo/lib/common/service/filterService.js:50:7)
    at Service.beforeFilter (/Users/workspace/zhajinhuaccc/zhajinhuaserver/server/game-server/node_modules/pomelo/lib/common/service/filterService.js:65:3)
    at beforeFilter (/Users/workspace/zhajinhuaccc/zhajinhuaserver/server/game-server/node_modules/pomelo/lib/server/server.js:242:8)
[2017-08-03 12:47:39.667] [DEBUG] pomelo - [36m[/Users/workspace/zhajinhuaccc/zhajinhuaserver/server/game-server/node_modules/pomelo/lib/components/connector.js] [39m[connector-server-1] send message reqId: 2, route: connector.entryHandler.start, msg: {"code":500}, receivers: [3], opts: {"type":"response","userOptions":{},"isResponse":true}
[2017-08-03 12:48:20.355] [INFO] pomelo - [32m[/Users/workspace/zhajinhuaccc/zhajinhuaserver/server/game-server/node_modules/pomelo/lib/application.js] [39mapplication inited: "connector-server-1"
[2017-08-03 12:48:20.611] [INFO] pomelo - [32m[/Users/workspace/zhajinhuaccc/zhajinhuaserver/server/game-server/node_modules/pomelo/lib/application.js] [39m"connector-server-1" enter after start...
[2017-08-03 12:48:20.695] [INFO] pomelo - [32m[/Users/workspace/zhajinhuaccc/zhajinhuaserver/server/game-server/node_modules/pomelo/lib/application.js] [39m"connector-server-1" finish start
[2017-08-03 12:48:20.695] [INFO] pomelo - [32m[/Users/workspace/zhajinhuaccc/zhajinhuaserver/server/game-server/node_modules/pomelo/lib/application.js] [39m"connector-server-1" startup in 327 ms
[2017-08-03 12:48:36.014] [DEBUG] pomelo - [36m[/Users/workspace/zhajinhuaccc/zhajinhuaserver/server/game-server/node_modules/pomelo/lib/components/connector.js] [39m[connector-server-1] getSession session is created with session id: 1
[2017-08-03 12:48:36.031] [DEBUG] pomelo - [36m[/Users/workspace/zhajinhuaccc/zhajinhuaserver/server/game-server/node_modules/pomelo/lib/components/connector.js] [39m[connector-server-1] handleMessage session id: 1, msg: {"id":2,"route":"connector.entryHandler.start","body":"hello pomelo"}
[2017-08-03 12:49:35.325] [INFO] pomelo - [32m[/Users/workspace/zhajinhuaccc/zhajinhuaserver/server/game-server/node_modules/pomelo/lib/application.js] [39mapplication inited: "connector-server-1"
[2017-08-03 12:49:35.582] [INFO] pomelo - [32m[/Users/workspace/zhajinhuaccc/zhajinhuaserver/server/game-server/node_modules/pomelo/lib/application.js] [39m"connector-server-1" enter after start...
[2017-08-03 12:49:35.665] [INFO] pomelo - [32m[/Users/workspace/zhajinhuaccc/zhajinhuaserver/server/game-server/node_modules/pomelo/lib/application.js] [39m"connector-server-1" finish start
[2017-08-03 12:49:35.665] [INFO] pomelo - [32m[/Users/workspace/zhajinhuaccc/zhajinhuaserver/server/game-server/node_modules/pomelo/lib/application.js] [39m"connector-server-1" startup in 326 ms
[2017-08-03 12:49:38.061] [DEBUG] pomelo - [36m[/Users/workspace/zhajinhuaccc/zhajinhuaserver/server/game-server/node_modules/pomelo/lib/components/connector.js] [39m[connector-server-1] getSession session is created with session id: 1
[2017-08-03 12:49:38.078] [DEBUG] pomelo - [36m[/Users/workspace/zhajinhuaccc/zhajinhuaserver/server/game-server/node_modules/pomelo/lib/components/connector.js] [39m[connector-server-1] handleMessage session id: 1, msg: {"id":3,"route":"connector.entryHandler.start","body":"hello pomelo"}
[2017-08-03 12:51:17.067] [INFO] pomelo - [32m[/Users/workspace/zhajinhuaccc/zhajinhuaserver/server/game-server/node_modules/pomelo/lib/application.js] [39mapplication inited: "connector-server-1"
[2017-08-03 12:51:17.324] [INFO] pomelo - [32m[/Users/workspace/zhajinhuaccc/zhajinhuaserver/server/game-server/node_modules/pomelo/lib/application.js] [39m"connector-server-1" enter after start...
[2017-08-03 12:51:17.407] [INFO] pomelo - [32m[/Users/workspace/zhajinhuaccc/zhajinhuaserver/server/game-server/node_modules/pomelo/lib/application.js] [39m"connector-server-1" finish start
[2017-08-03 12:51:17.407] [INFO] pomelo - [32m[/Users/workspace/zhajinhuaccc/zhajinhuaserver/server/game-server/node_modules/pomelo/lib/application.js] [39m"connector-server-1" startup in 327 ms
[2017-08-03 12:51:18.570] [DEBUG] pomelo - [36m[/Users/workspace/zhajinhuaccc/zhajinhuaserver/server/game-server/node_modules/pomelo/lib/components/connector.js] [39m[connector-server-1] getSession session is created with session id: 1
[2017-08-03 12:51:18.591] [DEBUG] pomelo - [36m[/Users/workspace/zhajinhuaccc/zhajinhuaserver/server/game-server/node_modules/pomelo/lib/components/connector.js] [39m[connector-server-1] handleMessage session id: 1, msg: {"id":4,"route":"connector.entryHandler.start","body":"hello pomelo"}
[2017-08-03 12:51:49.873] [INFO] pomelo - [32m[/Users/workspace/zhajinhuaccc/zhajinhuaserver/server/game-server/node_modules/pomelo/lib/application.js] [39mapplication inited: "connector-server-1"
[2017-08-03 12:51:50.117] [INFO] pomelo - [32m[/Users/workspace/zhajinhuaccc/zhajinhuaserver/server/game-server/node_modules/pomelo/lib/application.js] [39m"connector-server-1" enter after start...
[2017-08-03 12:51:50.198] [INFO] pomelo - [32m[/Users/workspace/zhajinhuaccc/zhajinhuaserver/server/game-server/node_modules/pomelo/lib/application.js] [39m"connector-server-1" finish start
[2017-08-03 12:51:50.198] [INFO] pomelo - [32m[/Users/workspace/zhajinhuaccc/zhajinhuaserver/server/game-server/node_modules/pomelo/lib/application.js] [39m"connector-server-1" startup in 312 ms
[2017-08-03 12:51:52.064] [DEBUG] pomelo - [36m[/Users/workspace/zhajinhuaccc/zhajinhuaserver/server/game-server/node_modules/pomelo/lib/components/connector.js] [39m[connector-server-1] getSession session is created with session id: 1
[2017-08-03 12:51:52.078] [DEBUG] pomelo - [36m[/Users/workspace/zhajinhuaccc/zhajinhuaserver/server/game-server/node_modules/pomelo/lib/components/connector.js] [39m[connector-server-1] handleMessage session id: 1, msg: {"id":5,"route":"connector.entryHandler.start","body":"hello pomelo"}
[2017-08-03 12:52:13.057] [INFO] pomelo - [32m[/Users/workspace/zhajinhuaccc/zhajinhuaserver/server/game-server/node_modules/pomelo/lib/application.js] [39mapplication inited: "connector-server-1"
[2017-08-03 12:52:13.314] [INFO] pomelo - [32m[/Users/workspace/zhajinhuaccc/zhajinhuaserver/server/game-server/node_modules/pomelo/lib/application.js] [39m"connector-server-1" enter after start...
[2017-08-03 12:52:13.398] [INFO] pomelo - [32m[/Users/workspace/zhajinhuaccc/zhajinhuaserver/server/game-server/node_modules/pomelo/lib/application.js] [39m"connector-server-1" finish start
[2017-08-03 12:52:13.398] [INFO] pomelo - [32m[/Users/workspace/zhajinhuaccc/zhajinhuaserver/server/game-server/node_modules/pomelo/lib/application.js] [39m"connector-server-1" startup in 328 ms
[2017-08-03 12:52:13.544] [DEBUG] pomelo - [36m[/Users/workspace/zhajinhuaccc/zhajinhuaserver/server/game-server/node_modules/pomelo/lib/components/connector.js] [39m[connector-server-1] getSession session is created with session id: 1
[2017-08-03 12:52:13.593] [DEBUG] pomelo - [36m[/Users/workspace/zhajinhuaccc/zhajinhuaserver/server/game-server/node_modules/pomelo/lib/components/connector.js] [39m[connector-server-1] handleMessage session id: 1, msg: {"id":6,"route":"connector.entryHandler.start","body":"hello pomelo"}
[2017-08-03 12:52:13.595] [DEBUG] pomelo - [36m[/Users/workspace/zhajinhuaccc/zhajinhuaserver/server/game-server/node_modules/pomelo/lib/components/connector.js] [39m[connector-server-1] send message reqId: 6, route: connector.entryHandler.start, msg: {"code":200,"msg":"game server is ok"}, receivers: [1], opts: {"type":"response","userOptions":{},"isResponse":true}
[2017-08-03 12:52:20.705] [INFO] pomelo - [32m[/Users/workspace/zhajinhuaccc/zhajinhuaserver/server/game-server/node_modules/pomelo/lib/application.js] [39mapplication inited: "connector-server-1"
[2017-08-03 12:52:20.967] [INFO] pomelo - [32m[/Users/workspace/zhajinhuaccc/zhajinhuaserver/server/game-server/node_modules/pomelo/lib/application.js] [39m"connector-server-1" enter after start...
[2017-08-03 12:52:21.052] [INFO] pomelo - [32m[/Users/workspace/zhajinhuaccc/zhajinhuaserver/server/game-server/node_modules/pomelo/lib/application.js] [39m"connector-server-1" finish start
[2017-08-03 12:52:21.052] [INFO] pomelo - [32m[/Users/workspace/zhajinhuaccc/zhajinhuaserver/server/game-server/node_modules/pomelo/lib/application.js] [39m"connector-server-1" startup in 334 ms
[2017-08-03 12:52:21.942] [DEBUG] pomelo - [36m[/Users/workspace/zhajinhuaccc/zhajinhuaserver/server/game-server/node_modules/pomelo/lib/components/connector.js] [39m[connector-server-1] getSession session is created with session id: 1
[2017-08-03 12:52:21.958] [DEBUG] pomelo - [36m[/Users/workspace/zhajinhuaccc/zhajinhuaserver/server/game-server/node_modules/pomelo/lib/components/connector.js] [39m[connector-server-1] handleMessage session id: 1, msg: {"id":7,"route":"connector.entryHandler.start","body":"hello pomelo"}
[2017-08-03 12:52:21.960] [DEBUG] pomelo - [36m[/Users/workspace/zhajinhuaccc/zhajinhuaserver/server/game-server/node_modules/pomelo/lib/components/connector.js] [39m[connector-server-1] send message reqId: 7, route: connector.entryHandler.start, msg: {"code":200,"msg":"game server is ok"}, receivers: [1], opts: {"type":"response","userOptions":{},"isResponse":true}
[2017-08-03 13:10:46.891] [DEBUG] pomelo - [36m[/Users/workspace/zhajinhuaccc/zhajinhuaserver/server/game-server/node_modules/pomelo/lib/common/service/sessionService.js] [39msession on [connector-server-1] is closed with session id: 1
[2017-08-03 22:11:42.397] [INFO] pomelo - [32m[/Users/workspace/zhajinhuaccc/zhajinhuaserver/server/game-server/node_modules/pomelo/lib/application.js] [39mapplication inited: "connector-server-1"
[2017-08-03 22:11:42.835] [INFO] pomelo - [32m[/Users/workspace/zhajinhuaccc/zhajinhuaserver/server/game-server/node_modules/pomelo/lib/application.js] [39m"connector-server-1" enter after start...
[2017-08-03 22:11:43.017] [INFO] pomelo - [32m[/Users/workspace/zhajinhuaccc/zhajinhuaserver/server/game-server/node_modules/pomelo/lib/application.js] [39m"connector-server-1" finish start
[2017-08-03 22:11:43.017] [INFO] pomelo - [32m[/Users/workspace/zhajinhuaccc/zhajinhuaserver/server/game-server/node_modules/pomelo/lib/application.js] [39m"connector-server-1" startup in 598 ms
[2017-08-04 08:36:58.977] [INFO] pomelo - [32m[/Users/workspace/zhajinhuaccc/zhajinhuaserver/server/game-server/node_modules/pomelo/lib/application.js] [39mapplication inited: "connector-server-1"
[2017-08-04 08:36:59.369] [INFO] pomelo - [32m[/Users/workspace/zhajinhuaccc/zhajinhuaserver/server/game-server/node_modules/pomelo/lib/application.js] [39m"connector-server-1" enter after start...
[2017-08-04 08:36:59.527] [INFO] pomelo - [32m[/Users/workspace/zhajinhuaccc/zhajinhuaserver/server/game-server/node_modules/pomelo/lib/application.js] [39m"connector-server-1" finish start
[2017-08-04 08:36:59.527] [INFO] pomelo - [32m[/Users/workspace/zhajinhuaccc/zhajinhuaserver/server/game-server/node_modules/pomelo/lib/application.js] [39m"connector-server-1" startup in 531 ms
[2017-08-04 08:38:49.449] [DEBUG] pomelo - [36m[/Users/workspace/zhajinhuaccc/zhajinhuaserver/server/game-server/node_modules/pomelo/lib/components/connector.js] [39m[connector-server-1] getSession session is created with session id: 1
[2017-08-04 08:38:49.463] [DEBUG] pomelo - [36m[/Users/workspace/zhajinhuaccc/zhajinhuaserver/server/game-server/node_modules/pomelo/lib/components/connector.js] [39m[connector-server-1] handleMessage session id: 1, msg: {"id":2,"route":"connector.entryHandle.enter","body":"hello pomelo"}
[2017-08-04 08:38:49.465] [WARN] pomelo - [33m[/Users/workspace/zhajinhuaccc/zhajinhuaserver/server/game-server/node_modules/pomelo/lib/common/service/handlerService.js] [39mcould not find handler for routeRecord: {"route":"connector.entryHandle.enter","serverType":"connector","handler":"entryHandle","method":"enter"}
[2017-08-04 08:38:49.466] [ERROR] pomelo - [31m[/Users/workspace/zhajinhuaccc/zhajinhuaserver/server/game-server/node_modules/pomelo/lib/common/service/handlerService.js] [39m[handleManager]: fail to find handler for undefined
[2017-08-04 08:38:49.467] [DEBUG] pomelo - [36m[/Users/workspace/zhajinhuaccc/zhajinhuaserver/server/game-server/node_modules/pomelo/lib/server/server.js] [39mno default error handler to resolve unknown exception. Error: fail to find handler for undefined
    at Service.handle (/Users/workspace/zhajinhuaccc/zhajinhuaserver/server/game-server/node_modules/pomelo/lib/common/service/handlerService.js:35:30)
    at handle (/Users/workspace/zhajinhuaccc/zhajinhuaserver/server/game-server/node_modules/pomelo/lib/server/server.js:375:25)
    at next (/Users/workspace/zhajinhuaccc/zhajinhuaserver/server/game-server/node_modules/pomelo/lib/common/service/filterService.js:50:7)
    at Service.beforeFilter (/Users/workspace/zhajinhuaccc/zhajinhuaserver/server/game-server/node_modules/pomelo/lib/common/service/filterService.js:65:3)
    at beforeFilter (/Users/workspace/zhajinhuaccc/zhajinhuaserver/server/game-server/node_modules/pomelo/lib/server/server.js:242:8)
    at doHandle (/Users/workspace/zhajinhuaccc/zhajinhuaserver/server/game-server/node_modules/pomelo/lib/server/server.js:388:3)
    at dispatch (/Users/workspace/zhajinhuaccc/zhajinhuaserver/server/game-server/node_modules/pomelo/lib/server/server.js:107:7)
    at next (/Users/workspace/zhajinhuaccc/zhajinhuaserver/server/game-server/node_modules/pomelo/lib/common/service/filterService.js:50:7)
    at Service.beforeFilter (/Users/workspace/zhajinhuaccc/zhajinhuaserver/server/game-server/node_modules/pomelo/lib/common/service/filterService.js:65:3)
    at beforeFilter (/Users/workspace/zhajinhuaccc/zhajinhuaserver/server/game-server/node_modules/pomelo/lib/server/server.js:242:8)
[2017-08-04 08:38:49.468] [DEBUG] pomelo - [36m[/Users/workspace/zhajinhuaccc/zhajinhuaserver/server/game-server/node_modules/pomelo/lib/components/connector.js] [39m[connector-server-1] send message reqId: 2, route: connector.entryHandle.enter, msg: {"code":500}, receivers: [1], opts: {"type":"response","userOptions":{},"isResponse":true}
[2017-08-04 08:39:35.688] [DEBUG] pomelo - [36m[/Users/workspace/zhajinhuaccc/zhajinhuaserver/server/game-server/node_modules/pomelo/lib/common/service/sessionService.js] [39msession on [connector-server-1] is closed with session id: 1
[2017-08-04 08:39:39.629] [DEBUG] pomelo - [36m[/Users/workspace/zhajinhuaccc/zhajinhuaserver/server/game-server/node_modules/pomelo/lib/components/connector.js] [39m[connector-server-1] getSession session is created with session id: 2
[2017-08-04 08:39:39.643] [DEBUG] pomelo - [36m[/Users/workspace/zhajinhuaccc/zhajinhuaserver/server/game-server/node_modules/pomelo/lib/components/connector.js] [39m[connector-server-1] handleMessage session id: 2, msg: {"id":2,"route":"connector.entryHandler.enter","body":"hello pomelo"}
[2017-08-04 08:39:39.643] [WARN] pomelo - [33m[/Users/workspace/zhajinhuaccc/zhajinhuaserver/server/game-server/node_modules/pomelo/lib/common/service/handlerService.js] [39mcould not find the method enter in handler: entryHandler
[2017-08-04 08:39:39.644] [ERROR] pomelo - [31m[/Users/workspace/zhajinhuaccc/zhajinhuaserver/server/game-server/node_modules/pomelo/lib/common/service/handlerService.js] [39m[handleManager]: fail to find handler for undefined
[2017-08-04 08:39:39.644] [DEBUG] pomelo - [36m[/Users/workspace/zhajinhuaccc/zhajinhuaserver/server/game-server/node_modules/pomelo/lib/server/server.js] [39mno default error handler to resolve unknown exception. Error: fail to find handler for undefined
    at Service.handle (/Users/workspace/zhajinhuaccc/zhajinhuaserver/server/game-server/node_modules/pomelo/lib/common/service/handlerService.js:35:30)
    at handle (/Users/workspace/zhajinhuaccc/zhajinhuaserver/server/game-server/node_modules/pomelo/lib/server/server.js:375:25)
    at next (/Users/workspace/zhajinhuaccc/zhajinhuaserver/server/game-server/node_modules/pomelo/lib/common/service/filterService.js:50:7)
    at Service.beforeFilter (/Users/workspace/zhajinhuaccc/zhajinhuaserver/server/game-server/node_modules/pomelo/lib/common/service/filterService.js:65:3)
    at beforeFilter (/Users/workspace/zhajinhuaccc/zhajinhuaserver/server/game-server/node_modules/pomelo/lib/server/server.js:242:8)
    at doHandle (/Users/workspace/zhajinhuaccc/zhajinhuaserver/server/game-server/node_modules/pomelo/lib/server/server.js:388:3)
    at dispatch (/Users/workspace/zhajinhuaccc/zhajinhuaserver/server/game-server/node_modules/pomelo/lib/server/server.js:107:7)
    at next (/Users/workspace/zhajinhuaccc/zhajinhuaserver/server/game-server/node_modules/pomelo/lib/common/service/filterService.js:50:7)
    at Service.beforeFilter (/Users/workspace/zhajinhuaccc/zhajinhuaserver/server/game-server/node_modules/pomelo/lib/common/service/filterService.js:65:3)
    at beforeFilter (/Users/workspace/zhajinhuaccc/zhajinhuaserver/server/game-server/node_modules/pomelo/lib/server/server.js:242:8)
[2017-08-04 08:39:39.644] [DEBUG] pomelo - [36m[/Users/workspace/zhajinhuaccc/zhajinhuaserver/server/game-server/node_modules/pomelo/lib/components/connector.js] [39m[connector-server-1] send message reqId: 2, route: connector.entryHandler.enter, msg: {"code":500}, receivers: [2], opts: {"type":"response","userOptions":{},"isResponse":true}
[2017-08-04 08:39:42.522] [DEBUG] pomelo - [36m[/Users/workspace/zhajinhuaccc/zhajinhuaserver/server/game-server/node_modules/pomelo/lib/common/service/sessionService.js] [39msession on [connector-server-1] is closed with session id: 2
[2017-08-04 08:39:44.051] [DEBUG] pomelo - [36m[/Users/workspace/zhajinhuaccc/zhajinhuaserver/server/game-server/node_modules/pomelo/lib/components/connector.js] [39m[connector-server-1] getSession session is created with session id: 3
[2017-08-04 08:39:44.061] [DEBUG] pomelo - [36m[/Users/workspace/zhajinhuaccc/zhajinhuaserver/server/game-server/node_modules/pomelo/lib/components/connector.js] [39m[connector-server-1] handleMessage session id: 3, msg: {"id":2,"route":"connector.entryHandler.enter","body":"hello pomelo"}
[2017-08-04 08:39:44.061] [WARN] pomelo - [33m[/Users/workspace/zhajinhuaccc/zhajinhuaserver/server/game-server/node_modules/pomelo/lib/common/service/handlerService.js] [39mcould not find the method enter in handler: entryHandler
[2017-08-04 08:39:44.062] [ERROR] pomelo - [31m[/Users/workspace/zhajinhuaccc/zhajinhuaserver/server/game-server/node_modules/pomelo/lib/common/service/handlerService.js] [39m[handleManager]: fail to find handler for undefined
[2017-08-04 08:39:44.063] [DEBUG] pomelo - [36m[/Users/workspace/zhajinhuaccc/zhajinhuaserver/server/game-server/node_modules/pomelo/lib/server/server.js] [39mno default error handler to resolve unknown exception. Error: fail to find handler for undefined
    at Service.handle (/Users/workspace/zhajinhuaccc/zhajinhuaserver/server/game-server/node_modules/pomelo/lib/common/service/handlerService.js:35:30)
    at handle (/Users/workspace/zhajinhuaccc/zhajinhuaserver/server/game-server/node_modules/pomelo/lib/server/server.js:375:25)
    at next (/Users/workspace/zhajinhuaccc/zhajinhuaserver/server/game-server/node_modules/pomelo/lib/common/service/filterService.js:50:7)
    at Service.beforeFilter (/Users/workspace/zhajinhuaccc/zhajinhuaserver/server/game-server/node_modules/pomelo/lib/common/service/filterService.js:65:3)
    at beforeFilter (/Users/workspace/zhajinhuaccc/zhajinhuaserver/server/game-server/node_modules/pomelo/lib/server/server.js:242:8)
    at doHandle (/Users/workspace/zhajinhuaccc/zhajinhuaserver/server/game-server/node_modules/pomelo/lib/server/server.js:388:3)
    at dispatch (/Users/workspace/zhajinhuaccc/zhajinhuaserver/server/game-server/node_modules/pomelo/lib/server/server.js:107:7)
    at next (/Users/workspace/zhajinhuaccc/zhajinhuaserver/server/game-server/node_modules/pomelo/lib/common/service/filterService.js:50:7)
    at Service.beforeFilter (/Users/workspace/zhajinhuaccc/zhajinhuaserver/server/game-server/node_modules/pomelo/lib/common/service/filterService.js:65:3)
    at beforeFilter (/Users/workspace/zhajinhuaccc/zhajinhuaserver/server/game-server/node_modules/pomelo/lib/server/server.js:242:8)
[2017-08-04 08:39:44.063] [DEBUG] pomelo - [36m[/Users/workspace/zhajinhuaccc/zhajinhuaserver/server/game-server/node_modules/pomelo/lib/components/connector.js] [39m[connector-server-1] send message reqId: 2, route: connector.entryHandler.enter, msg: {"code":500}, receivers: [3], opts: {"type":"response","userOptions":{},"isResponse":true}
[2017-08-04 08:40:10.457] [DEBUG] pomelo - [36m[/Users/workspace/zhajinhuaccc/zhajinhuaserver/server/game-server/node_modules/pomelo/lib/common/service/sessionService.js] [39msession on [connector-server-1] is closed with session id: 3
[2017-08-04 08:40:19.916] [DEBUG] pomelo - [36m[/Users/workspace/zhajinhuaccc/zhajinhuaserver/server/game-server/node_modules/pomelo/lib/components/connector.js] [39m[connector-server-1] getSession session is created with session id: 4
[2017-08-04 08:40:19.928] [DEBUG] pomelo - [36m[/Users/workspace/zhajinhuaccc/zhajinhuaserver/server/game-server/node_modules/pomelo/lib/components/connector.js] [39m[connector-server-1] handleMessage session id: 4, msg: {"id":2,"route":"connector.entryHandler.enter","body":"hello pomelo"}
[2017-08-04 08:40:19.928] [WARN] pomelo - [33m[/Users/workspace/zhajinhuaccc/zhajinhuaserver/server/game-server/node_modules/pomelo/lib/common/service/handlerService.js] [39mcould not find the method enter in handler: entryHandler
[2017-08-04 08:40:19.929] [ERROR] pomelo - [31m[/Users/workspace/zhajinhuaccc/zhajinhuaserver/server/game-server/node_modules/pomelo/lib/common/service/handlerService.js] [39m[handleManager]: fail to find handler for undefined
[2017-08-04 08:40:19.929] [DEBUG] pomelo - [36m[/Users/workspace/zhajinhuaccc/zhajinhuaserver/server/game-server/node_modules/pomelo/lib/server/server.js] [39mno default error handler to resolve unknown exception. Error: fail to find handler for undefined
    at Service.handle (/Users/workspace/zhajinhuaccc/zhajinhuaserver/server/game-server/node_modules/pomelo/lib/common/service/handlerService.js:35:30)
    at handle (/Users/workspace/zhajinhuaccc/zhajinhuaserver/server/game-server/node_modules/pomelo/lib/server/server.js:375:25)
    at next (/Users/workspace/zhajinhuaccc/zhajinhuaserver/server/game-server/node_modules/pomelo/lib/common/service/filterService.js:50:7)
    at Service.beforeFilter (/Users/workspace/zhajinhuaccc/zhajinhuaserver/server/game-server/node_modules/pomelo/lib/common/service/filterService.js:65:3)
    at beforeFilter (/Users/workspace/zhajinhuaccc/zhajinhuaserver/server/game-server/node_modules/pomelo/lib/server/server.js:242:8)
    at doHandle (/Users/workspace/zhajinhuaccc/zhajinhuaserver/server/game-server/node_modules/pomelo/lib/server/server.js:388:3)
    at dispatch (/Users/workspace/zhajinhuaccc/zhajinhuaserver/server/game-server/node_modules/pomelo/lib/server/server.js:107:7)
    at next (/Users/workspace/zhajinhuaccc/zhajinhuaserver/server/game-server/node_modules/pomelo/lib/common/service/filterService.js:50:7)
    at Service.beforeFilter (/Users/workspace/zhajinhuaccc/zhajinhuaserver/server/game-server/node_modules/pomelo/lib/common/service/filterService.js:65:3)
    at beforeFilter (/Users/workspace/zhajinhuaccc/zhajinhuaserver/server/game-server/node_modules/pomelo/lib/server/server.js:242:8)
[2017-08-04 08:40:19.930] [DEBUG] pomelo - [36m[/Users/workspace/zhajinhuaccc/zhajinhuaserver/server/game-server/node_modules/pomelo/lib/components/connector.js] [39m[connector-server-1] send message reqId: 2, route: connector.entryHandler.enter, msg: {"code":500}, receivers: [4], opts: {"type":"response","userOptions":{},"isResponse":true}
[2017-08-04 08:41:00.062] [DEBUG] pomelo - [36m[/Users/workspace/zhajinhuaccc/zhajinhuaserver/server/game-server/node_modules/pomelo/lib/common/service/sessionService.js] [39msession on [connector-server-1] is closed with session id: 4
[2017-08-04 08:41:02.119] [DEBUG] pomelo - [36m[/Users/workspace/zhajinhuaccc/zhajinhuaserver/server/game-server/node_modules/pomelo/lib/components/connector.js] [39m[connector-server-1] getSession session is created with session id: 5
[2017-08-04 08:41:02.131] [DEBUG] pomelo - [36m[/Users/workspace/zhajinhuaccc/zhajinhuaserver/server/game-server/node_modules/pomelo/lib/components/connector.js] [39m[connector-server-1] handleMessage session id: 5, msg: {"id":2,"route":"connector.entryHandler.enter","body":"hello pomelo"}
[2017-08-04 08:41:02.132] [WARN] pomelo - [33m[/Users/workspace/zhajinhuaccc/zhajinhuaserver/server/game-server/node_modules/pomelo/lib/common/service/handlerService.js] [39mcould not find the method enter in handler: entryHandler
[2017-08-04 08:41:02.132] [ERROR] pomelo - [31m[/Users/workspace/zhajinhuaccc/zhajinhuaserver/server/game-server/node_modules/pomelo/lib/common/service/handlerService.js] [39m[handleManager]: fail to find handler for undefined
[2017-08-04 08:41:02.132] [DEBUG] pomelo - [36m[/Users/workspace/zhajinhuaccc/zhajinhuaserver/server/game-server/node_modules/pomelo/lib/server/server.js] [39mno default error handler to resolve unknown exception. Error: fail to find handler for undefined
    at Service.handle (/Users/workspace/zhajinhuaccc/zhajinhuaserver/server/game-server/node_modules/pomelo/lib/common/service/handlerService.js:35:30)
    at handle (/Users/workspace/zhajinhuaccc/zhajinhuaserver/server/game-server/node_modules/pomelo/lib/server/server.js:375:25)
    at next (/Users/workspace/zhajinhuaccc/zhajinhuaserver/server/game-server/node_modules/pomelo/lib/common/service/filterService.js:50:7)
    at Service.beforeFilter (/Users/workspace/zhajinhuaccc/zhajinhuaserver/server/game-server/node_modules/pomelo/lib/common/service/filterService.js:65:3)
    at beforeFilter (/Users/workspace/zhajinhuaccc/zhajinhuaserver/server/game-server/node_modules/pomelo/lib/server/server.js:242:8)
    at doHandle (/Users/workspace/zhajinhuaccc/zhajinhuaserver/server/game-server/node_modules/pomelo/lib/server/server.js:388:3)
    at dispatch (/Users/workspace/zhajinhuaccc/zhajinhuaserver/server/game-server/node_modules/pomelo/lib/server/server.js:107:7)
    at next (/Users/workspace/zhajinhuaccc/zhajinhuaserver/server/game-server/node_modules/pomelo/lib/common/service/filterService.js:50:7)
    at Service.beforeFilter (/Users/workspace/zhajinhuaccc/zhajinhuaserver/server/game-server/node_modules/pomelo/lib/common/service/filterService.js:65:3)
    at beforeFilter (/Users/workspace/zhajinhuaccc/zhajinhuaserver/server/game-server/node_modules/pomelo/lib/server/server.js:242:8)
[2017-08-04 08:41:02.133] [DEBUG] pomelo - [36m[/Users/workspace/zhajinhuaccc/zhajinhuaserver/server/game-server/node_modules/pomelo/lib/components/connector.js] [39m[connector-server-1] send message reqId: 2, route: connector.entryHandler.enter, msg: {"code":500}, receivers: [5], opts: {"type":"response","userOptions":{},"isResponse":true}
[2017-08-04 08:42:11.896] [DEBUG] pomelo - [36m[/Users/workspace/zhajinhuaccc/zhajinhuaserver/server/game-server/node_modules/pomelo/lib/components/connector.js] [39m[connector-server-1] getSession session is created with session id: 6
[2017-08-04 08:42:11.903] [DEBUG] pomelo - [36m[/Users/workspace/zhajinhuaccc/zhajinhuaserver/server/game-server/node_modules/pomelo/lib/components/connector.js] [39m[connector-server-1] handleMessage session id: 6, msg: {"id":3,"route":"connector.entryHandler.enter","body":"hello pomelo"}
[2017-08-04 08:42:11.904] [WARN] pomelo - [33m[/Users/workspace/zhajinhuaccc/zhajinhuaserver/server/game-server/node_modules/pomelo/lib/common/service/handlerService.js] [39mcould not find the method enter in handler: entryHandler
[2017-08-04 08:42:11.904] [ERROR] pomelo - [31m[/Users/workspace/zhajinhuaccc/zhajinhuaserver/server/game-server/node_modules/pomelo/lib/common/service/handlerService.js] [39m[handleManager]: fail to find handler for undefined
[2017-08-04 08:42:11.905] [DEBUG] pomelo - [36m[/Users/workspace/zhajinhuaccc/zhajinhuaserver/server/game-server/node_modules/pomelo/lib/server/server.js] [39mno default error handler to resolve unknown exception. Error: fail to find handler for undefined
    at Service.handle (/Users/workspace/zhajinhuaccc/zhajinhuaserver/server/game-server/node_modules/pomelo/lib/common/service/handlerService.js:35:30)
    at handle (/Users/workspace/zhajinhuaccc/zhajinhuaserver/server/game-server/node_modules/pomelo/lib/server/server.js:375:25)
    at next (/Users/workspace/zhajinhuaccc/zhajinhuaserver/server/game-server/node_modules/pomelo/lib/common/service/filterService.js:50:7)
    at Service.beforeFilter (/Users/workspace/zhajinhuaccc/zhajinhuaserver/server/game-server/node_modules/pomelo/lib/common/service/filterService.js:65:3)
    at beforeFilter (/Users/workspace/zhajinhuaccc/zhajinhuaserver/server/game-server/node_modules/pomelo/lib/server/server.js:242:8)
    at doHandle (/Users/workspace/zhajinhuaccc/zhajinhuaserver/server/game-server/node_modules/pomelo/lib/server/server.js:388:3)
    at dispatch (/Users/workspace/zhajinhuaccc/zhajinhuaserver/server/game-server/node_modules/pomelo/lib/server/server.js:107:7)
    at next (/Users/workspace/zhajinhuaccc/zhajinhuaserver/server/game-server/node_modules/pomelo/lib/common/service/filterService.js:50:7)
    at Service.beforeFilter (/Users/workspace/zhajinhuaccc/zhajinhuaserver/server/game-server/node_modules/pomelo/lib/common/service/filterService.js:65:3)
    at beforeFilter (/Users/workspace/zhajinhuaccc/zhajinhuaserver/server/game-server/node_modules/pomelo/lib/server/server.js:242:8)
[2017-08-04 08:42:11.905] [DEBUG] pomelo - [36m[/Users/workspace/zhajinhuaccc/zhajinhuaserver/server/game-server/node_modules/pomelo/lib/components/connector.js] [39m[connector-server-1] send message reqId: 3, route: connector.entryHandler.enter, msg: {"code":500}, receivers: [6], opts: {"type":"response","userOptions":{},"isResponse":true}
[2017-08-04 08:42:40.026] [DEBUG] pomelo - [36m[/Users/workspace/zhajinhuaccc/zhajinhuaserver/server/game-server/node_modules/pomelo/lib/common/service/sessionService.js] [39msession on [connector-server-1] is closed with session id: 6
[2017-08-04 08:42:40.027] [DEBUG] pomelo - [36m[/Users/workspace/zhajinhuaccc/zhajinhuaserver/server/game-server/node_modules/pomelo/lib/common/service/sessionService.js] [39msession on [connector-server-1] is closed with session id: 5
[2017-08-04 08:42:43.087] [DEBUG] pomelo - [36m[/Users/workspace/zhajinhuaccc/zhajinhuaserver/server/game-server/node_modules/pomelo/lib/components/connector.js] [39m[connector-server-1] getSession session is created with session id: 7
[2017-08-04 08:42:43.104] [DEBUG] pomelo - [36m[/Users/workspace/zhajinhuaccc/zhajinhuaserver/server/game-server/node_modules/pomelo/lib/components/connector.js] [39m[connector-server-1] handleMessage session id: 7, msg: {"id":2,"route":"connector.entryHandler.enter","body":"hello pomelo"}
[2017-08-04 08:42:43.104] [WARN] pomelo - [33m[/Users/workspace/zhajinhuaccc/zhajinhuaserver/server/game-server/node_modules/pomelo/lib/common/service/handlerService.js] [39mcould not find the method enter in handler: entryHandler
[2017-08-04 08:42:43.129] [ERROR] pomelo - [31m[/Users/workspace/zhajinhuaccc/zhajinhuaserver/server/game-server/node_modules/pomelo/lib/common/service/handlerService.js] [39m[handleManager]: fail to find handler for undefined
[2017-08-04 08:42:43.130] [DEBUG] pomelo - [36m[/Users/workspace/zhajinhuaccc/zhajinhuaserver/server/game-server/node_modules/pomelo/lib/server/server.js] [39mno default error handler to resolve unknown exception. Error: fail to find handler for undefined
    at Service.handle (/Users/workspace/zhajinhuaccc/zhajinhuaserver/server/game-server/node_modules/pomelo/lib/common/service/handlerService.js:35:30)
    at handle (/Users/workspace/zhajinhuaccc/zhajinhuaserver/server/game-server/node_modules/pomelo/lib/server/server.js:375:25)
    at next (/Users/workspace/zhajinhuaccc/zhajinhuaserver/server/game-server/node_modules/pomelo/lib/common/service/filterService.js:50:7)
    at Service.beforeFilter (/Users/workspace/zhajinhuaccc/zhajinhuaserver/server/game-server/node_modules/pomelo/lib/common/service/filterService.js:65:3)
    at beforeFilter (/Users/workspace/zhajinhuaccc/zhajinhuaserver/server/game-server/node_modules/pomelo/lib/server/server.js:242:8)
    at doHandle (/Users/workspace/zhajinhuaccc/zhajinhuaserver/server/game-server/node_modules/pomelo/lib/server/server.js:388:3)
    at dispatch (/Users/workspace/zhajinhuaccc/zhajinhuaserver/server/game-server/node_modules/pomelo/lib/server/server.js:107:7)
    at next (/Users/workspace/zhajinhuaccc/zhajinhuaserver/server/game-server/node_modules/pomelo/lib/common/service/filterService.js:50:7)
    at Service.beforeFilter (/Users/workspace/zhajinhuaccc/zhajinhuaserver/server/game-server/node_modules/pomelo/lib/common/service/filterService.js:65:3)
    at beforeFilter (/Users/workspace/zhajinhuaccc/zhajinhuaserver/server/game-server/node_modules/pomelo/lib/server/server.js:242:8)
[2017-08-04 08:42:43.131] [DEBUG] pomelo - [36m[/Users/workspace/zhajinhuaccc/zhajinhuaserver/server/game-server/node_modules/pomelo/lib/components/connector.js] [39m[connector-server-1] send message reqId: 2, route: connector.entryHandler.enter, msg: {"code":500}, receivers: [7], opts: {"type":"response","userOptions":{},"isResponse":true}
[2017-08-04 08:44:08.109] [DEBUG] pomelo - [36m[/Users/workspace/zhajinhuaccc/zhajinhuaserver/server/game-server/node_modules/pomelo/lib/common/service/sessionService.js] [39msession on [connector-server-1] is closed with session id: 7
[2017-08-04 08:45:00.061] [DEBUG] pomelo - [36m[/Users/workspace/zhajinhuaccc/zhajinhuaserver/server/game-server/node_modules/pomelo/lib/components/connector.js] [39m[connector-server-1] getSession session is created with session id: 8
[2017-08-04 08:45:00.068] [DEBUG] pomelo - [36m[/Users/workspace/zhajinhuaccc/zhajinhuaserver/server/game-server/node_modules/pomelo/lib/components/connector.js] [39m[connector-server-1] handleMessage session id: 8, msg: {"id":3,"route":"connector.entryHandler.enter","body":"hello pomelo"}
[2017-08-04 08:45:00.068] [WARN] pomelo - [33m[/Users/workspace/zhajinhuaccc/zhajinhuaserver/server/game-server/node_modules/pomelo/lib/common/service/handlerService.js] [39mcould not find the method enter in handler: entryHandler
[2017-08-04 08:45:00.069] [ERROR] pomelo - [31m[/Users/workspace/zhajinhuaccc/zhajinhuaserver/server/game-server/node_modules/pomelo/lib/common/service/handlerService.js] [39m[handleManager]: fail to find handler for undefined
[2017-08-04 08:45:00.069] [DEBUG] pomelo - [36m[/Users/workspace/zhajinhuaccc/zhajinhuaserver/server/game-server/node_modules/pomelo/lib/server/server.js] [39mno default error handler to resolve unknown exception. Error: fail to find handler for undefined
    at Service.handle (/Users/workspace/zhajinhuaccc/zhajinhuaserver/server/game-server/node_modules/pomelo/lib/common/service/handlerService.js:35:30)
    at handle (/Users/workspace/zhajinhuaccc/zhajinhuaserver/server/game-server/node_modules/pomelo/lib/server/server.js:375:25)
    at next (/Users/workspace/zhajinhuaccc/zhajinhuaserver/server/game-server/node_modules/pomelo/lib/common/service/filterService.js:50:7)
    at Service.beforeFilter (/Users/workspace/zhajinhuaccc/zhajinhuaserver/server/game-server/node_modules/pomelo/lib/common/service/filterService.js:65:3)
    at beforeFilter (/Users/workspace/zhajinhuaccc/zhajinhuaserver/server/game-server/node_modules/pomelo/lib/server/server.js:242:8)
    at doHandle (/Users/workspace/zhajinhuaccc/zhajinhuaserver/server/game-server/node_modules/pomelo/lib/server/server.js:388:3)
    at dispatch (/Users/workspace/zhajinhuaccc/zhajinhuaserver/server/game-server/node_modules/pomelo/lib/server/server.js:107:7)
    at next (/Users/workspace/zhajinhuaccc/zhajinhuaserver/server/game-server/node_modules/pomelo/lib/common/service/filterService.js:50:7)
    at Service.beforeFilter (/Users/workspace/zhajinhuaccc/zhajinhuaserver/server/game-server/node_modules/pomelo/lib/common/service/filterService.js:65:3)
    at beforeFilter (/Users/workspace/zhajinhuaccc/zhajinhuaserver/server/game-server/node_modules/pomelo/lib/server/server.js:242:8)
[2017-08-04 08:45:00.069] [DEBUG] pomelo - [36m[/Users/workspace/zhajinhuaccc/zhajinhuaserver/server/game-server/node_modules/pomelo/lib/components/connector.js] [39m[connector-server-1] send message reqId: 3, route: connector.entryHandler.enter, msg: {"code":500}, receivers: [8], opts: {"type":"response","userOptions":{},"isResponse":true}
[2017-08-04 08:45:06.479] [DEBUG] pomelo - [36m[/Users/workspace/zhajinhuaccc/zhajinhuaserver/server/game-server/node_modules/pomelo/lib/common/service/sessionService.js] [39msession on [connector-server-1] is closed with session id: 8
[2017-08-04 08:45:08.183] [DEBUG] pomelo - [36m[/Users/workspace/zhajinhuaccc/zhajinhuaserver/server/game-server/node_modules/pomelo/lib/components/connector.js] [39m[connector-server-1] getSession session is created with session id: 9
[2017-08-04 08:45:08.193] [DEBUG] pomelo - [36m[/Users/workspace/zhajinhuaccc/zhajinhuaserver/server/game-server/node_modules/pomelo/lib/components/connector.js] [39m[connector-server-1] handleMessage session id: 9, msg: {"id":2,"route":"connector.entryHandler.enter","body":"hello pomelo"}
[2017-08-04 08:45:08.193] [WARN] pomelo - [33m[/Users/workspace/zhajinhuaccc/zhajinhuaserver/server/game-server/node_modules/pomelo/lib/common/service/handlerService.js] [39mcould not find the method enter in handler: entryHandler
[2017-08-04 08:45:08.194] [ERROR] pomelo - [31m[/Users/workspace/zhajinhuaccc/zhajinhuaserver/server/game-server/node_modules/pomelo/lib/common/service/handlerService.js] [39m[handleManager]: fail to find handler for undefined
[2017-08-04 08:45:08.195] [DEBUG] pomelo - [36m[/Users/workspace/zhajinhuaccc/zhajinhuaserver/server/game-server/node_modules/pomelo/lib/server/server.js] [39mno default error handler to resolve unknown exception. Error: fail to find handler for undefined
    at Service.handle (/Users/workspace/zhajinhuaccc/zhajinhuaserver/server/game-server/node_modules/pomelo/lib/common/service/handlerService.js:35:30)
    at handle (/Users/workspace/zhajinhuaccc/zhajinhuaserver/server/game-server/node_modules/pomelo/lib/server/server.js:375:25)
    at next (/Users/workspace/zhajinhuaccc/zhajinhuaserver/server/game-server/node_modules/pomelo/lib/common/service/filterService.js:50:7)
    at Service.beforeFilter (/Users/workspace/zhajinhuaccc/zhajinhuaserver/server/game-server/node_modules/pomelo/lib/common/service/filterService.js:65:3)
    at beforeFilter (/Users/workspace/zhajinhuaccc/zhajinhuaserver/server/game-server/node_modules/pomelo/lib/server/server.js:242:8)
    at doHandle (/Users/workspace/zhajinhuaccc/zhajinhuaserver/server/game-server/node_modules/pomelo/lib/server/server.js:388:3)
    at dispatch (/Users/workspace/zhajinhuaccc/zhajinhuaserver/server/game-server/node_modules/pomelo/lib/server/server.js:107:7)
    at next (/Users/workspace/zhajinhuaccc/zhajinhuaserver/server/game-server/node_modules/pomelo/lib/common/service/filterService.js:50:7)
    at Service.beforeFilter (/Users/workspace/zhajinhuaccc/zhajinhuaserver/server/game-server/node_modules/pomelo/lib/common/service/filterService.js:65:3)
    at beforeFilter (/Users/workspace/zhajinhuaccc/zhajinhuaserver/server/game-server/node_modules/pomelo/lib/server/server.js:242:8)
[2017-08-04 08:45:08.195] [DEBUG] pomelo - [36m[/Users/workspace/zhajinhuaccc/zhajinhuaserver/server/game-server/node_modules/pomelo/lib/components/connector.js] [39m[connector-server-1] send message reqId: 2, route: connector.entryHandler.enter, msg: {"code":500}, receivers: [9], opts: {"type":"response","userOptions":{},"isResponse":true}
[2017-08-04 08:45:41.871] [INFO] pomelo - [32m[/Users/workspace/zhajinhuaccc/zhajinhuaserver/server/game-server/node_modules/pomelo/lib/application.js] [39mapplication inited: "connector-server-1"
[2017-08-04 08:45:42.126] [INFO] pomelo - [32m[/Users/workspace/zhajinhuaccc/zhajinhuaserver/server/game-server/node_modules/pomelo/lib/application.js] [39m"connector-server-1" enter after start...
[2017-08-04 08:45:42.230] [INFO] pomelo - [32m[/Users/workspace/zhajinhuaccc/zhajinhuaserver/server/game-server/node_modules/pomelo/lib/application.js] [39m"connector-server-1" finish start
[2017-08-04 08:45:42.230] [INFO] pomelo - [32m[/Users/workspace/zhajinhuaccc/zhajinhuaserver/server/game-server/node_modules/pomelo/lib/application.js] [39m"connector-server-1" startup in 344 ms
[2017-08-04 08:45:46.034] [DEBUG] pomelo - [36m[/Users/workspace/zhajinhuaccc/zhajinhuaserver/server/game-server/node_modules/pomelo/lib/components/connector.js] [39m[connector-server-1] getSession session is created with session id: 1
[2017-08-04 08:45:46.048] [DEBUG] pomelo - [36m[/Users/workspace/zhajinhuaccc/zhajinhuaserver/server/game-server/node_modules/pomelo/lib/components/connector.js] [39m[connector-server-1] handleMessage session id: 1, msg: {"id":3,"route":"connector.entryHandler.enter","body":"hello pomelo"}
[2017-08-04 08:45:46.050] [WARN] pomelo - [33m[/Users/workspace/zhajinhuaccc/zhajinhuaserver/server/game-server/node_modules/pomelo/lib/common/service/handlerService.js] [39mcould not find the method enter in handler: entryHandler
[2017-08-04 08:45:46.050] [ERROR] pomelo - [31m[/Users/workspace/zhajinhuaccc/zhajinhuaserver/server/game-server/node_modules/pomelo/lib/common/service/handlerService.js] [39m[handleManager]: fail to find handler for undefined
[2017-08-04 08:45:46.051] [DEBUG] pomelo - [36m[/Users/workspace/zhajinhuaccc/zhajinhuaserver/server/game-server/node_modules/pomelo/lib/server/server.js] [39mno default error handler to resolve unknown exception. Error: fail to find handler for undefined
    at Service.handle (/Users/workspace/zhajinhuaccc/zhajinhuaserver/server/game-server/node_modules/pomelo/lib/common/service/handlerService.js:35:30)
    at handle (/Users/workspace/zhajinhuaccc/zhajinhuaserver/server/game-server/node_modules/pomelo/lib/server/server.js:375:25)
    at next (/Users/workspace/zhajinhuaccc/zhajinhuaserver/server/game-server/node_modules/pomelo/lib/common/service/filterService.js:50:7)
    at Service.beforeFilter (/Users/workspace/zhajinhuaccc/zhajinhuaserver/server/game-server/node_modules/pomelo/lib/common/service/filterService.js:65:3)
    at beforeFilter (/Users/workspace/zhajinhuaccc/zhajinhuaserver/server/game-server/node_modules/pomelo/lib/server/server.js:242:8)
    at doHandle (/Users/workspace/zhajinhuaccc/zhajinhuaserver/server/game-server/node_modules/pomelo/lib/server/server.js:388:3)
    at dispatch (/Users/workspace/zhajinhuaccc/zhajinhuaserver/server/game-server/node_modules/pomelo/lib/server/server.js:107:7)
    at next (/Users/workspace/zhajinhuaccc/zhajinhuaserver/server/game-server/node_modules/pomelo/lib/common/service/filterService.js:50:7)
    at Service.beforeFilter (/Users/workspace/zhajinhuaccc/zhajinhuaserver/server/game-server/node_modules/pomelo/lib/common/service/filterService.js:65:3)
    at beforeFilter (/Users/workspace/zhajinhuaccc/zhajinhuaserver/server/game-server/node_modules/pomelo/lib/server/server.js:242:8)
[2017-08-04 08:45:46.053] [DEBUG] pomelo - [36m[/Users/workspace/zhajinhuaccc/zhajinhuaserver/server/game-server/node_modules/pomelo/lib/components/connector.js] [39m[connector-server-1] send message reqId: 3, route: connector.entryHandler.enter, msg: {"code":500}, receivers: [1], opts: {"type":"response","userOptions":{},"isResponse":true}
[2017-08-04 08:47:11.048] [DEBUG] pomelo - [36m[/Users/workspace/zhajinhuaccc/zhajinhuaserver/server/game-server/node_modules/pomelo/lib/common/service/sessionService.js] [39msession on [connector-server-1] is closed with session id: 1
[2017-08-04 08:47:44.303] [DEBUG] pomelo - [36m[/Users/workspace/zhajinhuaccc/zhajinhuaserver/server/game-server/node_modules/pomelo/lib/components/connector.js] [39m[connector-server-1] getSession session is created with session id: 2
[2017-08-04 08:47:44.318] [DEBUG] pomelo - [36m[/Users/workspace/zhajinhuaccc/zhajinhuaserver/server/game-server/node_modules/pomelo/lib/components/connector.js] [39m[connector-server-1] handleMessage session id: 2, msg: {"id":4,"route":"connector.entryHandler.enter","body":"hello pomelo"}
[2017-08-04 08:47:44.318] [WARN] pomelo - [33m[/Users/workspace/zhajinhuaccc/zhajinhuaserver/server/game-server/node_modules/pomelo/lib/common/service/handlerService.js] [39mcould not find the method enter in handler: entryHandler
[2017-08-04 08:47:44.319] [ERROR] pomelo - [31m[/Users/workspace/zhajinhuaccc/zhajinhuaserver/server/game-server/node_modules/pomelo/lib/common/service/handlerService.js] [39m[handleManager]: fail to find handler for undefined
[2017-08-04 08:47:44.319] [DEBUG] pomelo - [36m[/Users/workspace/zhajinhuaccc/zhajinhuaserver/server/game-server/node_modules/pomelo/lib/server/server.js] [39mno default error handler to resolve unknown exception. Error: fail to find handler for undefined
    at Service.handle (/Users/workspace/zhajinhuaccc/zhajinhuaserver/server/game-server/node_modules/pomelo/lib/common/service/handlerService.js:35:30)
    at handle (/Users/workspace/zhajinhuaccc/zhajinhuaserver/server/game-server/node_modules/pomelo/lib/server/server.js:375:25)
    at next (/Users/workspace/zhajinhuaccc/zhajinhuaserver/server/game-server/node_modules/pomelo/lib/common/service/filterService.js:50:7)
    at Service.beforeFilter (/Users/workspace/zhajinhuaccc/zhajinhuaserver/server/game-server/node_modules/pomelo/lib/common/service/filterService.js:65:3)
    at beforeFilter (/Users/workspace/zhajinhuaccc/zhajinhuaserver/server/game-server/node_modules/pomelo/lib/server/server.js:242:8)
    at doHandle (/Users/workspace/zhajinhuaccc/zhajinhuaserver/server/game-server/node_modules/pomelo/lib/server/server.js:388:3)
    at dispatch (/Users/workspace/zhajinhuaccc/zhajinhuaserver/server/game-server/node_modules/pomelo/lib/server/server.js:107:7)
    at next (/Users/workspace/zhajinhuaccc/zhajinhuaserver/server/game-server/node_modules/pomelo/lib/common/service/filterService.js:50:7)
    at Service.beforeFilter (/Users/workspace/zhajinhuaccc/zhajinhuaserver/server/game-server/node_modules/pomelo/lib/common/service/filterService.js:65:3)
    at beforeFilter (/Users/workspace/zhajinhuaccc/zhajinhuaserver/server/game-server/node_modules/pomelo/lib/server/server.js:242:8)
[2017-08-04 08:47:44.319] [DEBUG] pomelo - [36m[/Users/workspace/zhajinhuaccc/zhajinhuaserver/server/game-server/node_modules/pomelo/lib/components/connector.js] [39m[connector-server-1] send message reqId: 4, route: connector.entryHandler.enter, msg: {"code":500}, receivers: [2], opts: {"type":"response","userOptions":{},"isResponse":true}
[2017-08-04 08:47:45.548] [DEBUG] pomelo - [36m[/Users/workspace/zhajinhuaccc/zhajinhuaserver/server/game-server/node_modules/pomelo/lib/common/service/sessionService.js] [39msession on [connector-server-1] is closed with session id: 2
[2017-08-04 08:49:07.530] [DEBUG] pomelo - [36m[/Users/workspace/zhajinhuaccc/zhajinhuaserver/server/game-server/node_modules/pomelo/lib/components/connector.js] [39m[connector-server-1] getSession session is created with session id: 3
[2017-08-04 08:50:19.049] [DEBUG] pomelo - [36m[/Users/workspace/zhajinhuaccc/zhajinhuaserver/server/game-server/node_modules/pomelo/lib/common/service/sessionService.js] [39msession on [connector-server-1] is closed with session id: 3
[2017-08-04 08:50:22.738] [DEBUG] pomelo - [36m[/Users/workspace/zhajinhuaccc/zhajinhuaserver/server/game-server/node_modules/pomelo/lib/components/connector.js] [39m[connector-server-1] getSession session is created with session id: 4
[2017-08-04 08:50:24.462] [DEBUG] pomelo - [36m[/Users/workspace/zhajinhuaccc/zhajinhuaserver/server/game-server/node_modules/pomelo/lib/components/connector.js] [39m[connector-server-1] handleMessage session id: 4, msg: {"id":2,"route":"connector.entryHandler.enter","body":"Hello Pomelo"}
[2017-08-04 08:50:24.462] [WARN] pomelo - [33m[/Users/workspace/zhajinhuaccc/zhajinhuaserver/server/game-server/node_modules/pomelo/lib/common/service/handlerService.js] [39mcould not find the method enter in handler: entryHandler
[2017-08-04 08:50:24.462] [ERROR] pomelo - [31m[/Users/workspace/zhajinhuaccc/zhajinhuaserver/server/game-server/node_modules/pomelo/lib/common/service/handlerService.js] [39m[handleManager]: fail to find handler for undefined
[2017-08-04 08:50:24.462] [DEBUG] pomelo - [36m[/Users/workspace/zhajinhuaccc/zhajinhuaserver/server/game-server/node_modules/pomelo/lib/server/server.js] [39mno default error handler to resolve unknown exception. Error: fail to find handler for undefined
    at Service.handle (/Users/workspace/zhajinhuaccc/zhajinhuaserver/server/game-server/node_modules/pomelo/lib/common/service/handlerService.js:35:30)
    at handle (/Users/workspace/zhajinhuaccc/zhajinhuaserver/server/game-server/node_modules/pomelo/lib/server/server.js:375:25)
    at next (/Users/workspace/zhajinhuaccc/zhajinhuaserver/server/game-server/node_modules/pomelo/lib/common/service/filterService.js:50:7)
    at Service.beforeFilter (/Users/workspace/zhajinhuaccc/zhajinhuaserver/server/game-server/node_modules/pomelo/lib/common/service/filterService.js:65:3)
    at beforeFilter (/Users/workspace/zhajinhuaccc/zhajinhuaserver/server/game-server/node_modules/pomelo/lib/server/server.js:242:8)
    at doHandle (/Users/workspace/zhajinhuaccc/zhajinhuaserver/server/game-server/node_modules/pomelo/lib/server/server.js:388:3)
    at dispatch (/Users/workspace/zhajinhuaccc/zhajinhuaserver/server/game-server/node_modules/pomelo/lib/server/server.js:107:7)
    at next (/Users/workspace/zhajinhuaccc/zhajinhuaserver/server/game-server/node_modules/pomelo/lib/common/service/filterService.js:50:7)
    at Service.beforeFilter (/Users/workspace/zhajinhuaccc/zhajinhuaserver/server/game-server/node_modules/pomelo/lib/common/service/filterService.js:65:3)
    at beforeFilter (/Users/workspace/zhajinhuaccc/zhajinhuaserver/server/game-server/node_modules/pomelo/lib/server/server.js:242:8)
[2017-08-04 08:50:24.463] [DEBUG] pomelo - [36m[/Users/workspace/zhajinhuaccc/zhajinhuaserver/server/game-server/node_modules/pomelo/lib/components/connector.js] [39m[connector-server-1] send message reqId: 2, route: connector.entryHandler.enter, msg: {"code":500}, receivers: [4], opts: {"type":"response","userOptions":{},"isResponse":true}
